[2016-11-11 09:04:55.159] [INFO] fileLog - GET /dist86f4534a8ea2fed42f64.hot-update.json
[2016-11-11 09:04:55.228] [INFO] fileLog - GET /dist0.86f4534a8ea2fed42f64.hot-update.js
[2016-11-11 09:05:07.901] [INFO] fileLog - GET /template/user/department_list
[2016-11-11 09:05:10.450] [INFO] fileLog - GET /ueditor/ueditor.config.js
[2016-11-11 09:05:10.452] [INFO] fileLog - GET /ueditor/ueditor.all.min.js
[2016-11-11 09:05:10.499] [INFO] fileLog - GET /dist/bundle.js
[2016-11-11 09:05:10.500] [INFO] fileLog - GET /ueditor/lang/zh-cn/zh-cn.js
[2016-11-11 09:05:23.290] [INFO] fileLog - GET /favicon.ico
[2016-11-11 09:06:17.680] [INFO] fileLog - POST /api/v1/userMgmt/listDepartment
[2016-11-11 09:06:17.686] [INFO] fileLog - POST /api/v1/userMgmt/queryUserById
[2016-11-11 09:06:25.438] [INFO] fileLog - POST /api/v1/permMgmt/listMenu
[2016-11-11 09:46:03.926] [INFO] fileLog - GET /
[2016-11-11 09:46:04.056] [INFO] fileLog - GET /ueditor/ueditor.config.js
[2016-11-11 09:46:04.058] [INFO] fileLog - GET /ueditor/ueditor.all.min.js
[2016-11-11 09:46:04.111] [INFO] fileLog - GET /ueditor/lang/zh-cn/zh-cn.js
[2016-11-11 09:46:04.193] [INFO] fileLog - GET /dist/bundle.js
[2016-11-11 09:46:06.922] [INFO] fileLog - GET /favicon.ico
[2016-11-11 09:46:08.322] [INFO] fileLog - POST /api/v1/userMgmt/login
[2016-11-11 09:46:08.654] [INFO] fileLog - POST /api/v1/userMgmt/queryUserById
[2016-11-11 09:46:08.679] [INFO] fileLog - GET /favicon.ico
[2016-11-11 09:46:09.915] [INFO] fileLog - POST /api/v1/permMgmt/listMenu
[2016-11-11 09:46:16.373] [INFO] fileLog - GET /favicon.ico
[2016-11-11 09:46:16.758] [INFO] fileLog - POST /api/v1/userMgmt/listDepartment
[2016-11-11 09:46:20.513] [INFO] fileLog - POST /api/v1/userMgmt/listDepartment
[2016-11-11 09:46:22.166] [INFO] fileLog - GET /favicon.ico
[2016-11-11 09:46:22.256] [INFO] fileLog - POST /api/v1/userMgmt/listDepartment
[2016-11-11 09:46:22.311] [INFO] fileLog - POST /api/v1/userMgmt/queryDepartmentById
[2016-11-11 09:51:55.429] [INFO] fileLog - GET /distd7748cb082f6575212d8.hot-update.json
[2016-11-11 09:51:55.439] [INFO] fileLog - GET /dist0.d7748cb082f6575212d8.hot-update.js
[2016-11-11 09:52:47.310] [INFO] fileLog - GET /favicon.ico
[2016-11-11 09:52:51.987] [INFO] fileLog - POST /api/v1/userMgmt/listDepartment
[2016-11-11 09:52:52.257] [INFO] fileLog - POST /api/v1/userMgmt/listDepartment
[2016-11-11 09:53:20.461] [INFO] fileLog - GET /favicon.ico
[2016-11-11 09:53:21.906] [INFO] fileLog - POST /api/v1/userMgmt/listDepartment
[2016-11-11 09:53:23.107] [INFO] fileLog - POST /api/v1/userMgmt/queryDepartmentById
[2016-11-11 09:53:24.454] [INFO] fileLog - GET /favicon.ico
[2016-11-11 09:53:25.313] [INFO] fileLog - POST /api/v1/userMgmt/listDepartment
[2016-11-11 09:53:25.559] [INFO] fileLog - GET /favicon.ico
[2016-11-11 09:53:25.811] [INFO] fileLog - POST /api/v1/userMgmt/queryDepartmentById
[2016-11-11 09:53:26.291] [INFO] fileLog - POST /api/v1/userMgmt/listDepartment
[2016-11-11 09:53:27.192] [INFO] fileLog - GET /favicon.ico
[2016-11-11 09:53:27.524] [INFO] fileLog - POST /api/v1/userMgmt/listDepartment
[2016-11-11 09:53:28.713] [INFO] fileLog - POST /api/v1/userMgmt/queryDepartmentById
[2016-11-11 09:53:28.714] [INFO] fileLog - POST /api/v1/userMgmt/listDepartment
[2016-11-11 09:53:29.833] [INFO] fileLog - GET /favicon.ico
[2016-11-11 09:53:30.254] [INFO] fileLog - POST /api/v1/userMgmt/listDepartment
[2016-11-11 09:53:30.778] [INFO] fileLog - GET /favicon.ico
[2016-11-11 09:53:30.993] [INFO] fileLog - POST /api/v1/userMgmt/queryDepartmentById
[2016-11-11 09:53:32.514] [INFO] fileLog - GET /favicon.ico
[2016-11-11 09:53:32.752] [INFO] fileLog - POST /api/v1/userMgmt/listDepartment
[2016-11-11 09:53:34.678] [INFO] fileLog - POST /api/v1/userMgmt/listDepartment
[2016-11-11 09:53:34.784] [INFO] fileLog - POST /api/v1/userMgmt/listDepartment
[2016-11-11 09:53:36.928] [INFO] fileLog - GET /favicon.ico
[2016-11-11 09:53:37.162] [INFO] fileLog - POST /api/v1/userMgmt/listDepartment
[2016-11-11 09:53:37.174] [INFO] fileLog - POST /api/v1/userMgmt/queryDepartmentById
[2016-11-11 09:53:53.916] [INFO] fileLog - POST /api/v1/userMgmt/updateDepartment
[2016-11-11 09:53:54.070] [INFO] fileLog - GET /favicon.ico
[2016-11-11 09:53:54.346] [INFO] fileLog - POST /api/v1/userMgmt/listDepartment
[2016-11-11 09:53:56.190] [INFO] fileLog - GET /favicon.ico
[2016-11-11 09:53:56.365] [INFO] fileLog - POST /api/v1/userMgmt/listDepartment
[2016-11-11 09:53:56.423] [INFO] fileLog - POST /api/v1/userMgmt/queryDepartmentById
[2016-11-11 09:53:57.703] [INFO] fileLog - GET /favicon.ico
[2016-11-11 09:53:58.063] [INFO] fileLog - POST /api/v1/userMgmt/listDepartment
[2016-11-11 09:53:59.235] [INFO] fileLog - POST /api/v1/userMgmt/listDepartment
[2016-11-11 09:54:09.403] [INFO] fileLog - POST /api/v1/userMgmt/deleteDepartment
[2016-11-11 09:54:09.819] [INFO] fileLog - POST /api/v1/userMgmt/listDepartment
[2016-11-11 09:54:11.914] [INFO] fileLog - GET /favicon.ico
[2016-11-11 09:54:12.058] [INFO] fileLog - POST /api/v1/userMgmt/queryDepartmentById
[2016-11-11 09:54:12.113] [INFO] fileLog - POST /api/v1/userMgmt/listDepartment
[2016-11-11 09:54:20.995] [INFO] fileLog - GET /favicon.ico
[2016-11-11 09:54:21.241] [INFO] fileLog - POST /api/v1/userMgmt/listDepartment
[2016-11-11 09:54:23.835] [INFO] fileLog - POST /api/v1/userMgmt/deleteDepartment
[2016-11-11 09:54:24.167] [INFO] fileLog - POST /api/v1/userMgmt/listDepartment
[2016-11-11 10:06:43.690] [INFO] fileLog - GET /dist21b4ca8f3a8c170a651b.hot-update.json
[2016-11-11 10:06:43.696] [INFO] fileLog - GET /dist0.21b4ca8f3a8c170a651b.hot-update.js
[2016-11-11 10:06:46.428] [INFO] fileLog - GET /template/user/department_list
[2016-11-11 10:06:46.483] [INFO] fileLog - GET /ueditor/ueditor.config.js
[2016-11-11 10:06:46.508] [INFO] fileLog - GET /ueditor/ueditor.all.min.js
[2016-11-11 10:06:46.615] [INFO] fileLog - GET /dist/bundle.js
[2016-11-11 10:06:46.618] [INFO] fileLog - GET /ueditor/lang/zh-cn/zh-cn.js
[2016-11-11 10:06:49.485] [INFO] fileLog - GET /favicon.ico
[2016-11-11 10:06:51.010] [INFO] fileLog - POST /api/v1/userMgmt/queryUserById
[2016-11-11 10:06:51.421] [INFO] fileLog - POST /api/v1/userMgmt/listDepartment
[2016-11-11 10:06:51.549] [INFO] fileLog - POST /api/v1/permMgmt/listMenu
[2016-11-11 10:06:53.872] [INFO] fileLog - GET /favicon.ico
[2016-11-11 10:06:54.759] [INFO] fileLog - POST /api/v1/userMgmt/listDepartment
[2016-11-11 10:06:54.797] [INFO] fileLog - POST /api/v1/userMgmt/queryDepartmentById
[2016-11-11 10:06:55.948] [INFO] fileLog - GET /favicon.ico
[2016-11-11 10:06:56.191] [INFO] fileLog - POST /api/v1/userMgmt/listDepartment
[2016-11-11 10:06:57.134] [INFO] fileLog - GET /favicon.ico
[2016-11-11 10:06:58.329] [INFO] fileLog - POST /api/v1/userMgmt/queryDepartmentById
[2016-11-11 10:06:58.372] [INFO] fileLog - POST /api/v1/userMgmt/listDepartment
[2016-11-11 10:06:59.226] [INFO] fileLog - GET /favicon.ico
[2016-11-11 10:06:59.499] [INFO] fileLog - POST /api/v1/userMgmt/listDepartment
[2016-11-11 10:07:00.220] [INFO] fileLog - GET /favicon.ico
[2016-11-11 10:07:01.243] [INFO] fileLog - POST /api/v1/userMgmt/listDepartment
[2016-11-11 10:07:01.291] [INFO] fileLog - POST /api/v1/userMgmt/queryDepartmentById
[2016-11-11 10:07:02.419] [INFO] fileLog - GET /favicon.ico
[2016-11-11 10:07:02.700] [INFO] fileLog - POST /api/v1/userMgmt/listDepartment
[2016-11-11 10:07:03.642] [INFO] fileLog - GET /favicon.ico
[2016-11-11 10:07:05.231] [INFO] fileLog - POST /api/v1/userMgmt/listDepartment
[2016-11-11 10:07:05.258] [INFO] fileLog - POST /api/v1/userMgmt/queryDepartmentById
[2016-11-11 10:07:06.347] [INFO] fileLog - GET /favicon.ico
[2016-11-11 10:07:06.844] [INFO] fileLog - POST /api/v1/userMgmt/listDepartment
[2016-11-11 10:07:12.312] [INFO] fileLog - POST /api/v1/userMgmt/listDepartment
[2016-11-11 10:07:14.354] [INFO] fileLog - GET /favicon.ico
[2016-11-11 10:07:14.900] [INFO] fileLog - POST /api/v1/userMgmt/listDepartment
[2016-11-11 10:07:18.710] [INFO] fileLog - POST /api/v1/userMgmt/listDepartment
[2016-11-11 10:07:21.025] [INFO] fileLog - POST /api/v1/userMgmt/addDepartment
[2016-11-11 10:07:21.221] [INFO] fileLog - GET /favicon.ico
[2016-11-11 10:07:21.703] [INFO] fileLog - POST /api/v1/userMgmt/listDepartment
[2016-11-11 10:07:29.357] [INFO] fileLog - POST /api/v1/userMgmt/listDepartment
[2016-11-11 10:07:29.754] [INFO] fileLog - POST /api/v1/userMgmt/queryDepartmentById
[2016-11-11 10:07:30.867] [INFO] fileLog - GET /favicon.ico
[2016-11-11 10:07:31.689] [INFO] fileLog - POST /api/v1/userMgmt/listDepartment
[2016-11-11 10:07:31.753] [INFO] fileLog - GET /favicon.ico
[2016-11-11 10:07:31.967] [INFO] fileLog - POST /api/v1/userMgmt/listDepartment
[2016-11-11 10:07:32.317] [INFO] fileLog - POST /api/v1/userMgmt/queryDepartmentById
[2016-11-11 10:07:33.171] [INFO] fileLog - GET /favicon.ico
[2016-11-11 10:07:34.082] [INFO] fileLog - POST /api/v1/userMgmt/listDepartment
[2016-11-11 10:07:37.451] [INFO] fileLog - POST /api/v1/userMgmt/deleteDepartment
[2016-11-11 10:07:38.438] [INFO] fileLog - POST /api/v1/userMgmt/listDepartment
[2016-11-11 10:07:41.882] [INFO] fileLog - POST /api/v1/userMgmt/listDepartment
[2016-11-11 10:07:42.219] [INFO] fileLog - POST /api/v1/userMgmt/queryDepartmentById
[2016-11-11 10:07:48.072] [INFO] fileLog - POST /api/v1/userMgmt/updateDepartment
[2016-11-11 10:07:48.263] [INFO] fileLog - GET /favicon.ico
[2016-11-11 10:07:48.493] [INFO] fileLog - POST /api/v1/userMgmt/listDepartment
[2016-11-11 10:07:51.014] [INFO] fileLog - GET /favicon.ico
[2016-11-11 10:07:51.484] [INFO] fileLog - POST /api/v1/userMgmt/queryDepartmentById
[2016-11-11 10:07:51.819] [INFO] fileLog - POST /api/v1/userMgmt/listDepartment
[2016-11-11 10:07:52.286] [INFO] fileLog - GET /favicon.ico
[2016-11-11 10:07:52.517] [INFO] fileLog - POST /api/v1/userMgmt/listDepartment
[2016-11-11 10:07:53.769] [INFO] fileLog - GET /favicon.ico
[2016-11-11 10:07:53.973] [INFO] fileLog - POST /api/v1/userMgmt/listDepartment
[2016-11-11 10:08:00.082] [INFO] fileLog - POST /api/v1/userMgmt/addDepartment
[2016-11-11 10:08:00.283] [INFO] fileLog - GET /favicon.ico
[2016-11-11 10:08:01.672] [INFO] fileLog - POST /api/v1/userMgmt/listDepartment
[2016-11-11 10:08:08.784] [INFO] fileLog - POST /api/v1/userMgmt/listDepartment
[2016-11-11 10:08:10.622] [INFO] fileLog - POST /api/v1/userMgmt/listDepartment
[2016-11-11 10:08:14.172] [INFO] fileLog - GET /favicon.ico
[2016-11-11 10:08:14.754] [INFO] fileLog - POST /api/v1/userMgmt/listDepartment
[2016-11-11 10:08:15.722] [INFO] fileLog - POST /api/v1/userMgmt/queryDepartmentById
[2016-11-11 10:08:18.655] [INFO] fileLog - GET /favicon.ico
[2016-11-11 10:08:18.810] [INFO] fileLog - POST /api/v1/userMgmt/listDepartment
